Log file open, 06/07/22 20:12:17
LogInit:Display: Running engine for game: MyProject
LogPlatformFile: Not using cached read wrapper
LogInit:Display: RandInit(717697471) SRandInit(717697471).
LogTaskGraph: Started task graph with 5 named threads and 10 total threads with 1 sets of task threads.
LogStats: Stats thread started at 0.116274
LogInit: Using libcurl 7.47.1
LogInit:  - built for x86_64-pc-win32
LogInit:  - supports SSL with OpenSSL/1.0.2g
LogInit:  - supports HTTP deflate (compression) using libz 1.2.8
LogInit:  - other features:
LogInit:      CURL_VERSION_SSL
LogInit:      CURL_VERSION_LIBZ
LogInit:      CURL_VERSION_IPV6
LogInit:      CURL_VERSION_ASYNCHDNS
LogInit:      CURL_VERSION_LARGEFILE
LogInit:      CURL_VERSION_IDN
LogInit:  CurlRequestOptions (configurable via config and command line):
LogInit:  - bVerifyPeer = false  - Libcurl will NOT verify peer certificate
LogInit:  - bUseHttpProxy = false  - Libcurl will NOT use HTTP proxy
LogInit:  - bDontReuseConnections = false  - Libcurl will reuse connections
LogInit:  - CertBundlePath = nullptr  - Libcurl will use whatever was configured at build time.
LogInit: Build: ++UE4+Release-4.15-CL-3450819
LogInit: Engine Version: 4.15.3-3450819+++UE4+Release-4.15
LogInit: Compatible Engine Version: 4.15.0-3299760+++UE4+Release-4.15
LogInit: Net CL: 3299760
LogDevObjectVersion: Number of dev versions registered: 14
LogDevObjectVersion:   Dev-Blueprints (B0D832E4-1F89-4F0D-ACCF-7EB736FD4AA2): 8
LogDevObjectVersion:   Dev-Build (E1C64328-A22C-4D53-A36C-8E866417BD8C): 0
LogDevObjectVersion:   Dev-Core (375EC13C-06E4-48FB-B500-84F0262A717E): 2
LogDevObjectVersion:   Dev-Editor (E4B068ED-F494-42E9-A231-DA0B2E46BB41): 14
LogDevObjectVersion:   Dev-Framework (CFFC743F-43B0-4480-9391-14DF171D2073): 22
LogDevObjectVersion:   Dev-Mobile (B02B49B5-BB20-44E9-A304-32B752E40360): 0
LogDevObjectVersion:   Dev-Networking (A4E4105C-59A1-49B5-A7C5-40C4547EDFEE): 0
LogDevObjectVersion:   Dev-Online (39C831C9-5AE6-47DC-9A44-9C173E1C8E7C): 0
LogDevObjectVersion:   Dev-Physics (78F01B33-EBEA-4F98-B9B4-84EACCB95AA2): 0
LogDevObjectVersion:   Dev-Platform (6631380F-2D4D-43E0-8009-CF276956A95A): 0
LogDevObjectVersion:   Dev-Rendering (12F88B9F-8875-4AFC-A67C-D90C383ABD29): 12
LogDevObjectVersion:   Dev-Sequencer (7B5AE74C-D270-4C10-A958-57980B212A5A): 3
LogDevObjectVersion:   Dev-VR (D7296918-1DD6-4BDD-9DE2-64A83CC13884): 0
LogDevObjectVersion:   Dev-LoadTimes (C2A15278-BFE7-4AFE-6C17-90FF531DF755): 1
LogInit: Compiled (64-bit): May 21 2017 11:02:34
LogInit: Compiled with Visual C++: 19.00.23026.00
LogInit: Build Configuration: Development
LogInit: Branch Name: ++UE4+Release-4.15
LogInit: Command line:  
LogInit: Base directory: C:/Program Files/Epic Games/UE_4.15/Engine/Binaries/Win64/
LogInit: Installed Engine Build: 1
LogInit: Presizing for max 8388607 objects, including 0 objects not considered by GC, pre-allocating 0 bytes for permanent pool.
LogInit: Object subsystem initialized
[2022.06.08-00.12.18:440][  0]LogInit: Selected Device Profile: [Windows]
[2022.06.08-00.12.18:440][  0]LogInit: Applying CVar settings loaded from the selected device profile: [Windows]
[2022.06.08-00.12.18:446][  0]LogInit: Computer: DESKTOP-GCAF11O
[2022.06.08-00.12.18:446][  0]LogInit: User: deefa
[2022.06.08-00.12.18:446][  0]LogInit: CPU Page size=65536, Cores=6
[2022.06.08-00.12.18:446][  0]LogInit: High frequency timer resolution =10.000000 MHz
[2022.06.08-00.12.18:447][  0]LogMemory: Memory total: Physical=15.9GB (16GB approx)
[2022.06.08-00.12.18:447][  0]LogMemory: Platform Memory Stats for Windows
[2022.06.08-00.12.18:447][  0]LogMemory: Process Physical Memory: 266.20 MB used, 266.21 MB peak
[2022.06.08-00.12.18:447][  0]LogMemory: Process Virtual Memory: 271.96 MB used, 271.96 MB peak
[2022.06.08-00.12.18:447][  0]LogMemory: Physical Memory: 7425.30 MB used,  8865.58 MB free, 16290.88 MB total
[2022.06.08-00.12.18:447][  0]LogMemory: Virtual Memory: 4776.06 MB used,  8865.58 MB free, 134217728.00 MB total
[2022.06.08-00.12.18:559][  0]LogTextLocalizationManager: No specific translations for ('en-US') exist, so ('en') translations will be used.
[2022.06.08-00.12.19:095][  0]LogD3D11RHI: D3D11 adapters:
[2022.06.08-00.12.19:162][  0]LogD3D11RHI:    0. 'NVIDIA GeForce RTX 3060' (Feature Level 11_0)
[2022.06.08-00.12.19:162][  0]LogD3D11RHI:       12142/0/8145 MB DedicatedVideo/DedicatedSystem/SharedSystem, Outputs:2, VendorId:0x10de
[2022.06.08-00.12.19:164][  0]LogD3D11RHI:    1. 'Microsoft Basic Render Driver' (Feature Level 11_0)
[2022.06.08-00.12.19:164][  0]LogD3D11RHI:       0/0/8145 MB DedicatedVideo/DedicatedSystem/SharedSystem, Outputs:0, VendorId:0x1414
[2022.06.08-00.12.19:164][  0]LogD3D11RHI: Chosen D3D11 Adapter: 0
[2022.06.08-00.12.19:169][  0]LogD3D11RHI: Creating new Direct3DDevice
[2022.06.08-00.12.19:169][  0]LogD3D11RHI:     GPU DeviceId: 0x2504 (for the marketing name, search the web for "GPU Device Id")
[2022.06.08-00.12.19:169][  0]LogWindows: EnumDisplayDevices:
[2022.06.08-00.12.19:170][  0]LogWindows:    0. 'NVIDIA GeForce RTX 3060' (P:1 D:1)
[2022.06.08-00.12.19:170][  0]LogWindows:    1. 'NVIDIA GeForce RTX 3060' (P:0 D:1)
[2022.06.08-00.12.19:170][  0]LogWindows:    2. 'NVIDIA GeForce RTX 3060' (P:0 D:0)
[2022.06.08-00.12.19:170][  0]LogWindows:    3. 'NVIDIA GeForce RTX 3060' (P:0 D:0)
[2022.06.08-00.12.19:170][  0]LogWindows: DebugString: GetVideoDriverDetailsInvalid PrimaryIsNotTheChoosenAdapter GetVideoDriverDetailsInvalid PrimaryIsNotTheChoosenAdapter GetVideoDriverDetailsInvalid PrimaryIsNotTheChoosenAdapter GetVideoDriverDetailsInvalid PrimaryIsNotTheChoosenAdapter FoundDriverCount:0 
[2022.06.08-00.12.19:170][  0]LogD3D11RHI:     Adapter Name: NVIDIA GeForce RTX 3060
[2022.06.08-00.12.19:170][  0]LogD3D11RHI:   Driver Version: Unknown (internal:Unknown, unified:Unknown)
[2022.06.08-00.12.19:170][  0]LogD3D11RHI:      Driver Date: Unknown
[2022.06.08-00.12.19:170][  0]LogRHI: Texture pool is 1361 MB (70% of 1945 MB)
[2022.06.08-00.12.19:216][  0]LogD3D11RHI: Async texture creation enabled
[2022.06.08-00.12.19:233][  0]LogD3D11RHI: GPU Timing Frequency: 1000.000000 (Debug: 2 1)
[2022.06.08-00.12.19:235][  0]LogShaderCompilers: Guid format shader working directory is -61 characters bigger than the processId version (../../../../../../Users/deefa/Desktop/Repositories/The-Tech-Academy-C-and-Unreal-Engine-Projects/MyProject/Intermediate/Shaders/WorkingDirectory/25808/).
[2022.06.08-00.12.19:235][  0]LogShaderCompilers: Cleaned the shader compiler working directory 'C:/Users/deefa/AppData/Local/Temp/UnrealShaderWorkingDir/A0879D2043A4652CB66B6A9AA3812C59/'.
[2022.06.08-00.12.19:235][  0]LogShaderCompilers:Display: Using Local Shader Compiler.
[2022.06.08-00.12.19:986][  0]LogTemp:Display: Loaded TP AllDesktopTargetPlatform
[2022.06.08-00.12.20:043][  0]LogTemp:Display: Loaded TP MacClientTargetPlatform
[2022.06.08-00.12.20:102][  0]LogTemp:Display: Loaded TP MacNoEditorTargetPlatform
[2022.06.08-00.12.20:159][  0]LogTemp:Display: Loaded TP MacServerTargetPlatform
[2022.06.08-00.12.20:217][  0]LogTemp:Display: Loaded TP MacTargetPlatform
[2022.06.08-00.12.20:275][  0]LogTemp:Display: Loaded TP WindowsClientTargetPlatform
[2022.06.08-00.12.20:332][  0]LogTemp:Display: Loaded TP WindowsNoEditorTargetPlatform
[2022.06.08-00.12.20:390][  0]LogTemp:Display: Loaded TP WindowsServerTargetPlatform
[2022.06.08-00.12.20:441][  0]LogTemp:Display: Loaded TP WindowsTargetPlatform
[2022.06.08-00.12.20:499][  0]LogTemp:Display: Loaded TP AndroidTargetPlatform
[2022.06.08-00.12.20:555][  0]LogTemp:Display: Loaded TP Android_ASTCTargetPlatform
[2022.06.08-00.12.20:612][  0]LogTemp:Display: Loaded TP Android_ATCTargetPlatform
[2022.06.08-00.12.20:670][  0]LogTemp:Display: Loaded TP Android_DXTTargetPlatform
[2022.06.08-00.12.20:727][  0]LogTemp:Display: Loaded TP Android_ETC1TargetPlatform
[2022.06.08-00.12.20:785][  0]LogTemp:Display: Loaded TP Android_ETC2TargetPlatform
[2022.06.08-00.12.20:899][  0]LogTemp:Display: Loaded TP Android_MultiTargetPlatform
[2022.06.08-00.12.20:899][  0]LogTemp:Display: Loaded TP Android_PVRTCTargetPlatform
[2022.06.08-00.12.20:945][  0]LogTemp:Display: Loaded TP HTML5TargetPlatform
[2022.06.08-00.12.21:055][  0]LogTemp:Display: Loaded TP IOSTargetPlatform
[2022.06.08-00.12.21:094][  0]LogTemp:Display: Loaded TP TVOSTargetPlatform
[2022.06.08-00.12.21:150][  0]LogTemp:Display: Loaded TP LinuxClientTargetPlatform
[2022.06.08-00.12.21:208][  0]LogTemp:Display: Loaded TP LinuxNoEditorTargetPlatform
[2022.06.08-00.12.21:265][  0]LogTemp:Display: Loaded TP LinuxServerTargetPlatform
[2022.06.08-00.12.21:322][  0]LogTemp:Display: Loaded TP LinuxTargetPlatform
[2022.06.08-00.12.21:322][  0]LogTargetPlatformManager:Display: Building Assets For Windows
[2022.06.08-00.12.21:897][  0]LogDerivedDataCache:Display: Max Cache Size: 512 MB
[2022.06.08-00.12.21:932][  0]LogDerivedDataCache: Loaded boot cache 0.04s 51MB C:/Users/deefa/AppData/Local/UnrealEngine/4.15/DerivedDataCache/Boot.ddc.
[2022.06.08-00.12.21:932][  0]LogDerivedDataCache:Display: Loaded Boot cache: C:/Users/deefa/AppData/Local/UnrealEngine/4.15/DerivedDataCache/Boot.ddc
[2022.06.08-00.12.21:932][  0]LogDerivedDataCache: FDerivedDataBackendGraph:  Pak pak cache file ../../../../../../Users/deefa/Desktop/Repositories/The-Tech-Academy-C-and-Unreal-Engine-Projects/MyProject/DerivedDataCache/DDC.ddp not found, will not use a pak cache.
[2022.06.08-00.12.21:932][  0]LogDerivedDataCache: Unable to find inner node Pak for hierarchical cache Hierarchy.
[2022.06.08-00.12.21:932][  0]LogDerivedDataCache: FDerivedDataBackendGraph:  CompressedPak pak cache file ../../../../../../Users/deefa/Desktop/Repositories/The-Tech-Academy-C-and-Unreal-Engine-Projects/MyProject/DerivedDataCache/Compressed.ddp not found, will not use a pak cache.
[2022.06.08-00.12.21:932][  0]LogDerivedDataCache: Unable to find inner node CompressedPak for hierarchical cache Hierarchy.
[2022.06.08-00.12.21:943][  0]LogDerivedDataCache:Display: Pak cache opened for reading ../../../Engine/DerivedDataCache/Compressed.ddp.
[2022.06.08-00.12.21:955][  0]LogDerivedDataCache: Using Local data cache path C:/Users/deefa/AppData/Local/UnrealEngine/Common/DerivedDataCache: Writable
[2022.06.08-00.12.21:961][  0]LogSlate: Using Freetype 2.6.0
[2022.06.08-00.12.21:962][  0]LogSlate: SlateFontCache - WITH_FREETYPE: 1, WITH_HARFBUZZ: 1
[2022.06.08-00.12.21:962][  0]LogSlate: SlateFontCache - WITH_FREETYPE: 1, WITH_HARFBUZZ: 1
[2022.06.08-00.12.22:210][  0]LogInit: Selected Device Profile: [Windows]
[2022.06.08-00.12.22:211][  0]LogContentStreaming: Texture pool size is 0.00 MB
[2022.06.08-00.12.22:401][  0]LogMeshUtilities: Using QuadricMeshReduction for automatic static mesh reduction
[2022.06.08-00.12.22:452][  0]LogSimplygon: Simplygon DLL not present - disabling.
[2022.06.08-00.12.22:505][  0]LogMeshUtilities: Using SimplygonSwarm for distributed automatic mesh merging
[2022.06.08-00.12.22:505][  0]LogMeshUtilities: No automatic skeletal mesh reduction module available
[2022.06.08-00.12.22:505][  0]LogMeshUtilities: No automatic mesh merging module available
[2022.06.08-00.12.22:907][  0]LogNetVersion: GetLocalNetworkVersion: CL: 3299760, ProjectName: myproject, ProjectVersion: , EngineNetworkVersion: 2, GameNetworkVersion: 0, NetworkChecksum: 4136520461
[2022.06.08-00.12.22:959][  0]LogAssetRegistry: FAssetRegistry took 0.0221 seconds to start up
[2022.06.08-00.12.23:002][  0]LogPackageLocalizationCache: Processed 3 localized package path(s) for 2 prioritized culture(s) in 0.015733 seconds
[2022.06.08-00.12.23:005][  0]LogUObjectArray: 32493 objects as part of root set at end of initial load.
[2022.06.08-00.12.23:005][  0]LogUObjectAllocator: 7077032 out of 0 bytes used by permanent object pool.
[2022.06.08-00.12.23:005][  0]LogUObjectArray: CloseDisregardForGC: 0/0 objects in disregard for GC pool
[2022.06.08-00.12.23:090][  0]LogInit: WinSock: version 1.1 (2.2), MaxSocks=32767, MaxUdp=65467
[2022.06.08-00.12.24:687][  0]LogTcpMessaging: Initializing TcpMessaging bridge
[2022.06.08-00.12.24:732][  0]LogUdpMessaging: Initializing bridge on interface 0.0.0.0:0 to multicast group 230.0.0.1:6666.
[2022.06.08-00.12.25:267][  0]LogMaterial: Uniform references updated for custom material expression Custom.
[2022.06.08-00.12.25:651][  0]SourceControl: Info Source control is disabled
[2022.06.08-00.12.25:652][  0]SourceControl: Info Source control is disabled
[2022.06.08-00.12.25:705][  0]SourceControl: Info Source control is disabled
[2022.06.08-00.12.25:756][  0]SourceControl: Info Source control is disabled
[2022.06.08-00.12.27:145][  0]LogEngine: Initializing Engine...
[2022.06.08-00.12.27:146][  0]LogHMD: Failed to initialize OpenVR with code 110
[2022.06.08-00.12.27:203][  0]LogStats: UGameplayTagsManager::ConstructGameplayTagTree: Construct from data asset -  0.000 s
[2022.06.08-00.12.27:203][  0]LogStats: UGameplayTagsManager::ConstructGameplayTagTree: GameplayTagTreeChangedEvent.Broadcast -  0.000 s
[2022.06.08-00.12.27:342][  0]LogAIModule: Creating AISystem for world Untitled
[2022.06.08-00.12.27:356][  0]LogInit: XAudio2 using 'Headphones (High Definition Audio Device)' : 2 channels at 48 kHz using 32 bits per sample (channel mask 0x3)
[2022.06.08-00.12.27:366][  0]LogInit: FAudioDevice initialized.
[2022.06.08-00.12.27:382][  0]LogDerivedDataCache: Saved boot cache 0.02s 50MB C:/Users/deefa/AppData/Local/UnrealEngine/4.15/DerivedDataCache/Boot.ddc.
[2022.06.08-00.12.27:386][  0]LogInit: Texture streaming: Enabled
[2022.06.08-00.12.27:512][  0]LogEngineSessionManager: EngineSessionManager initialized
[2022.06.08-00.12.27:614][  0]LogInit: Transaction tracking system initialized
[2022.06.08-00.12.28:019][  0]BlueprintLog: New page: Editor Load
[2022.06.08-00.12.29:064][  0]LocalizationService: Info Localization service is disabled
[2022.06.08-00.12.29:838][  0]LogConsoleResponse:Display: 
[2022.06.08-00.12.29:940][  0]LogCook:Display: Max memory allowance for cook 16384mb min free memory 0mb
[2022.06.08-00.12.29:940][  0]LogCook:Display: Mobile HDR setting 1
[2022.06.08-00.12.29:970][  0]LogFileCache: Scanning file cache for directory 'C:/Users/deefa/Desktop/Repositories/The-Tech-Academy-C-and-Unreal-Engine-Projects/MyProject/Content/' took 0.01s
[2022.06.08-00.12.31:156][  0]SourceControl: Info Source control is disabled
[2022.06.08-00.12.31:156][  0]Cmd: MAP LOAD FILE="../../../../../../Users/deefa/Desktop/Repositories/The-Tech-Academy-C-and-Unreal-Engine-Projects/MyProject/Content/Levels/MainMenu.umap" TEMPLATE=0 SHOWPROGRESS=1 FEATURELEVEL=3
[2022.06.08-00.12.31:156][  0]LightingResults: New page: Lighting Build
[2022.06.08-00.12.31:203][  0]MapCheck: New page: Map Check
[2022.06.08-00.12.31:203][  0]LightingResults: New page: Lighting Build
[2022.06.08-00.12.31:296][  0]LogAIModule: Creating AISystem for world MainMenu
[2022.06.08-00.12.31:307][  0]LogEditorServer: Finished looking for orphan Actors (0.000 secs)
[2022.06.08-00.12.31:307][  0]Cmd: MAP CHECKDEP NOCLEARLOG
[2022.06.08-00.12.31:339][  0]MapCheck: Info Map check complete: 0 Error(s), 0 Warning(s), took 31.689ms to complete.
[2022.06.08-00.12.31:339][  0]LogFileHelpers: Loading map 'MainMenu' took 0.184
[2022.06.08-00.12.31:494][  0]LogCollectionManager: Loaded 0 collections in 0.001075 seconds
[2022.06.08-00.12.31:578][  0]LogFileCache: Scanning file cache for directory 'C:/Users/deefa/Desktop/Repositories/The-Tech-Academy-C-and-Unreal-Engine-Projects/MyProject/Saved/Collections/' took 0.01s
[2022.06.08-00.12.31:578][  0]LogFileCache: Scanning file cache for directory 'C:/Users/deefa/Desktop/Repositories/The-Tech-Academy-C-and-Unreal-Engine-Projects/MyProject/Content/Developers/deefa/Collections/' took 0.01s
[2022.06.08-00.12.31:578][  0]LogFileCache: Scanning file cache for directory 'C:/Users/deefa/Desktop/Repositories/The-Tech-Academy-C-and-Unreal-Engine-Projects/MyProject/Content/Collections/' took 0.01s
[2022.06.08-00.12.31:578][  0]LogCollectionManager: Rebuilt the GUID cache for 0 collections in 0.000001 seconds
[2022.06.08-00.12.31:585][  0]LogContentBrowser: Native class hierarchy populated in 0.0066 seconds. Added 2247 classes and 455 folders.
[2022.06.08-00.12.31:666][  0]LogContentBrowser: Native class hierarchy updated for 'WidgetCarousel' in 0.0011 seconds. Added 0 classes and 0 folders.
[2022.06.08-00.12.31:700][  0]LogContentBrowser: Native class hierarchy updated for 'AddContentDialog' in 0.0011 seconds. Added 0 classes and 0 folders.
[2022.06.08-00.12.31:749][  0]LogContentBrowser: Native class hierarchy updated for 'SceneOutliner' in 0.0011 seconds. Added 1 classes and 2 folders.
[2022.06.08-00.12.31:821][  0]LogCrashTracker: Crashtracker disabled due to settings.
[2022.06.08-00.12.31:835][  0]LogSlate: Took 0.000129 seconds to synchronously load lazily loaded font '../../../Engine/Content/Slate/Fonts/Roboto-Regular.ttf' (155K)
[2022.06.08-00.12.32:893][  0]LogSlate: Only BGRA pngs, bmps or icos are supported in by External Image Picker
[2022.06.08-00.12.32:912][  0]LogUObjectGlobals:Warning: Failed to find object 'Class None.'
[2022.06.08-00.12.33:321][  0]LogTemp:Display: Executing iPhonePackager certificates Engine -bundlename com.YourCompany.MyProject

[2022.06.08-00.12.33:321][  0]LogTemp:Display: CWD: C:\Program Files\Epic Games\UE_4.15\Engine\Binaries\DotNET\IOS

[2022.06.08-00.12.33:321][  0]LogTemp:Display: Initial Dir: C:\Program Files\Epic Games\UE_4.15

[2022.06.08-00.12.33:321][  0]LogTemp:Display: Env CWD: C:\Program Files\Epic Games\UE_4.15\Engine\Binaries\DotNET\IOS

[2022.06.08-00.12.33:321][  0]LogTemp:Display: BranchPath = DESKTOP-GCAF11O/C/Program Files/Epic Games/UE_4.15/Engine/Binaries --- GameBranchPath = DESKTOP-GCAF11O/C/Program Files/Epic Games/UE_4.15/Engine/Binaries

[2022.06.08-00.12.33:321][  0]LogTemp:Display: IPP ERROR: Application exception: System.IO.DirectoryNotFoundException: Could not find a part of the path 'C:\Users\deefa\AppData\Local\Apple Computer\MobileDevice\Provisioning Profiles'.

[2022.06.08-00.12.33:321][  0]LogTemp:Display:    at System.IO.__Error.WinIOError(Int32 errorCode, String maybeFullPath)

[2022.06.08-00.12.33:321][  0]LogTemp:Display:    at System.IO.FileSystemEnumerableIterator`1.CommonInit()

[2022.06.08-00.12.33:321][  0]LogTemp:Display:    at System.IO.FileSystemEnumerableIterator`1..ctor(String path, String originalUserPath, String searchPattern, SearchOption searchOption, SearchResultHandler`1 resultHandler, Boolean checkHost)

[2022.06.08-00.12.33:321][  0]LogTemp:Display:    at System.IO.Directory.EnumerateFiles(String path, String searchPattern)

[2022.06.08-00.12.33:321][  0]LogTemp:Display:    at iPhonePackager.CodeSignatureBuilder.FindProvisions(String CFBundleIdentifier)

[2022.06.08-00.12.33:321][  0]LogTemp:Display:    at iPhonePackager.Program.Main(String[] args)

[2022.06.08-00.12.33:391][  0]LogContentBrowser: Native class hierarchy updated for 'HierarchicalLODOutliner' in 0.0011 seconds. Added 1 classes and 2 folders.
[2022.06.08-00.12.33:391][  0]LogLoad: (Engine Initialization) Total time: 16.73 seconds
[2022.06.08-00.12.33:391][  0]LogLoad: (Engine Initialization) Total Blueprint compile time: 0.07 seconds
[2022.06.08-00.12.33:391][  0]LogExternalProfiler: No external profilers were discovered.  External profiling features will not be available.
[2022.06.08-00.12.33:400][  0]LogOcInput: OculusInput pre-init called
[2022.06.08-00.12.33:413][  0]LogAssetRegistry: Asset discovery search completed in 10.4767 seconds
[2022.06.08-00.12.33:413][  0]LogCollectionManager: Rebuilt the object cache for 0 collections in 0.000002 seconds (found 0 objects)
[2022.06.08-00.12.33:413][  0]LogCollectionManager: Fixed up redirectors for 0 collections in 0.000010 seconds (updated 0 objects)
[2022.06.08-00.12.33:418][  0]LogContentStreaming: Texture pool size now 1000 MB
[2022.06.08-00.12.33:423][  0]LogSlate: Took 0.000123 seconds to synchronously load lazily loaded font '../../../Engine/Content/Slate/Fonts/Roboto-Bold.ttf' (160K)
[2022.06.08-00.12.33:425][  0]LogSlate: Took 0.000108 seconds to synchronously load lazily loaded font '../../../Engine/Content/Editor/Slate/Fonts/FontAwesome.ttf' (139K)
[2022.06.08-00.12.33:509][  0]LogSlate: Took 0.000143 seconds to synchronously load lazily loaded font '../../../Engine/Content/Slate/Fonts/Roboto-Light.ttf' (159K)
[2022.06.08-00.12.33:527][  0]LogRenderer: Reallocating scene render targets to support 1200x600 NumSamples 1 (Frame:2).
[2022.06.08-00.12.34:412][100]LogSlate: Took 0.000147 seconds to synchronously load lazily loaded font '../../../Engine/Content/Slate/Fonts/Roboto-Light.ttf' (159K)
[2022.06.08-00.12.36:034][294]LogTemp: Repeting last play command: Selected Viewport
[2022.06.08-00.12.36:041][294]LogBlueprintUserMessages: Early PlayInEditor Detection: Level '/Game/Levels/MainMenu.MainMenu:PersistentLevel' has LevelScriptBlueprint '/Game/Levels/MainMenu.MainMenu:PersistentLevel.MainMenu' with GeneratedClass '/Game/Levels/MainMenu.MainMenu_C' with ClassGeneratedBy '/Game/Levels/MainMenu.MainMenu:PersistentLevel.MainMenu'
[2022.06.08-00.12.36:041][294]LogPlayLevel: PlayLevel: No blueprints needed recompiling
[2022.06.08-00.12.36:041][294]PIE: New page: PIE session: MainMenu (Jun 7, 2022, 4:12:36 PM)
[2022.06.08-00.12.36:041][294]LogPlayLevel: Creating play world package: /Game/Levels/UEDPIE_0_MainMenu
[2022.06.08-00.12.36:042][294]LogPlayLevel: PIE: StaticDuplicateObject took: (0.000773s)
[2022.06.08-00.12.36:042][294]LogAIModule: Creating AISystem for world MainMenu
[2022.06.08-00.12.36:042][294]LogPlayLevel: PIE: World Init took: (0.000480s)
[2022.06.08-00.12.36:042][294]LogPlayLevel: PIE: Created PIE world by copying editor world from /Game/Levels/MainMenu.MainMenu to /Game/Levels/UEDPIE_0_MainMenu.MainMenu (0.001373s)
[2022.06.08-00.12.36:056][294]LogInit: XAudio2 using 'Headphones (High Definition Audio Device)' : 2 channels at 48 kHz using 32 bits per sample (channel mask 0x3)
[2022.06.08-00.12.36:062][294]LogInit: FAudioDevice initialized.
[2022.06.08-00.12.36:112][294]LogLoad: Game class is 'TestProject_BP_C'
[2022.06.08-00.12.36:114][294]LogWorld: Bringing World /Game/Levels/UEDPIE_0_MainMenu.MainMenu up for play (max tick rate 0) at 2022.06.07-20.12.36
[2022.06.08-00.12.36:114][294]LogWorld: Bringing up level for play took: 0.000385
[2022.06.08-00.12.36:162][294]LogContentBrowser: Native class hierarchy updated for 'MovieSceneCapture' in 0.0011 seconds. Added 11 classes and 0 folders.
[2022.06.08-00.12.36:164][294]PIE: Info Play in editor start time for /Game/Levels/UEDPIE_0_MainMenu 0.644
[2022.06.08-00.12.36:164][294]LogBlueprintUserMessages: Late PlayInEditor Detection: Level '/Game/Levels/MainMenu.MainMenu:PersistentLevel' has LevelScriptBlueprint '/Game/Levels/MainMenu.MainMenu:PersistentLevel.MainMenu' with GeneratedClass '/Game/Levels/MainMenu.MainMenu_C' with ClassGeneratedBy '/Game/Levels/MainMenu.MainMenu:PersistentLevel.MainMenu'
[2022.06.08-00.12.36:849][374]LogNet: Browse: /Game/Levels/MainGame
[2022.06.08-00.12.36:849][374]LogLoad: LoadMap: /Game/Levels/MainGame
[2022.06.08-00.12.36:853][374]Cmd: MEM
[2022.06.08-00.12.36:857][374]LogMemory: Platform Memory Stats for Windows
[2022.06.08-00.12.36:857][374]LogMemory: Process Physical Memory: 1450.09 MB used, 1461.28 MB peak
[2022.06.08-00.12.36:857][374]LogMemory: Process Virtual Memory: 2043.12 MB used, 2049.36 MB peak
[2022.06.08-00.12.36:857][374]LogMemory: Physical Memory: 8662.92 MB used,  7627.96 MB free, 16290.88 MB total
[2022.06.08-00.12.36:857][374]LogMemory: Virtual Memory: 6932.45 MB used,  7627.96 MB free, 134217728.00 MB total
[2022.06.08-00.12.36:857][374]LogMemory: 
[2022.06.08-00.12.36:857][374]Allocator Stats for TBB: (not implemented)
[2022.06.08-00.12.36:950][374]LogAIModule: Creating AISystem for world MainGame
[2022.06.08-00.12.36:950][374]LogLoad: Game class is 'TestProject_BP_C'
[2022.06.08-00.12.36:953][374]LogWorld: Bringing World /Game/Levels/UEDPIE_0_MainGame.MainGame up for play (max tick rate 0) at 2022.06.07-20.12.36
[2022.06.08-00.12.36:953][374]LogWorld: Bringing up level for play took: 0.001486
[2022.06.08-00.12.36:953][374]LogLoad: Took 0.104407 seconds to LoadMap(/Game/Levels/MainGame)
[2022.06.08-00.12.48:593][769]LogNet: Browse: /Game/Levels/MainMenu
[2022.06.08-00.12.48:593][769]LogLoad: LoadMap: /Game/Levels/MainMenu
[2022.06.08-00.12.48:599][769]Cmd: MEM
[2022.06.08-00.12.48:603][769]LogMemory: Platform Memory Stats for Windows
[2022.06.08-00.12.48:603][769]LogMemory: Process Physical Memory: 1347.32 MB used, 1519.11 MB peak
[2022.06.08-00.12.48:603][769]LogMemory: Process Virtual Memory: 2066.84 MB used, 2253.94 MB peak
[2022.06.08-00.12.48:603][769]LogMemory: Physical Memory: 8497.38 MB used,  7793.51 MB free, 16290.88 MB total
[2022.06.08-00.12.48:603][769]LogMemory: Virtual Memory: 7106.01 MB used,  7793.51 MB free, 134217728.00 MB total
[2022.06.08-00.12.48:603][769]LogMemory: 
[2022.06.08-00.12.48:603][769]Allocator Stats for TBB: (not implemented)
[2022.06.08-00.12.48:603][769]LogPlayLevel: Creating play world package: /Game/Levels/UEDPIE_0_MainMenu
[2022.06.08-00.12.48:604][769]LogPlayLevel: PIE: StaticDuplicateObject took: (0.000730s)
[2022.06.08-00.12.48:604][769]LogAIModule: Creating AISystem for world MainMenu
[2022.06.08-00.12.48:604][769]LogPlayLevel: PIE: World Init took: (0.000439s)
[2022.06.08-00.12.48:604][769]LogPlayLevel: PIE: Created PIE world by copying editor world from /Game/Levels/MainMenu.MainMenu to /Game/Levels/UEDPIE_0_MainMenu.MainMenu (0.001273s)
[2022.06.08-00.12.48:604][769]LogLoad: Game class is 'TestProject_BP_C'
[2022.06.08-00.12.48:606][769]LogWorld: Bringing World /Game/Levels/UEDPIE_0_MainMenu.MainMenu up for play (max tick rate 0) at 2022.06.07-20.12.48
[2022.06.08-00.12.48:606][769]LogWorld: Bringing up level for play took: 0.000435
[2022.06.08-00.12.48:606][769]LogGameMode: FindPlayerStart: PATHS NOT DEFINED or NO PLAYERSTART with positive rating
[2022.06.08-00.12.48:607][769]LogLoad: Took 0.013425 seconds to LoadMap(/Game/Levels/UEDPIE_0_MainMenu)
[2022.06.08-00.12.49:179][837]LogNet: Browse: /Game/Levels/MainGame
[2022.06.08-00.12.49:179][837]LogLoad: LoadMap: /Game/Levels/MainGame
[2022.06.08-00.12.49:184][837]Cmd: MEM
[2022.06.08-00.12.49:188][837]LogMemory: Platform Memory Stats for Windows
[2022.06.08-00.12.49:188][837]LogMemory: Process Physical Memory: 1347.34 MB used, 1519.11 MB peak
[2022.06.08-00.12.49:188][837]LogMemory: Process Virtual Memory: 2127.50 MB used, 2253.94 MB peak
[2022.06.08-00.12.49:188][837]LogMemory: Physical Memory: 8492.68 MB used,  7798.20 MB free, 16290.88 MB total
[2022.06.08-00.12.49:188][837]LogMemory: Virtual Memory: 7113.20 MB used,  7798.20 MB free, 134217728.00 MB total
[2022.06.08-00.12.49:188][837]LogMemory: 
[2022.06.08-00.12.49:188][837]Allocator Stats for TBB: (not implemented)
[2022.06.08-00.12.49:211][837]LogAIModule: Creating AISystem for world MainGame
[2022.06.08-00.12.49:211][837]LogLoad: Game class is 'TestProject_BP_C'
[2022.06.08-00.12.49:213][837]LogWorld: Bringing World /Game/Levels/UEDPIE_0_MainGame.MainGame up for play (max tick rate 0) at 2022.06.07-20.12.49
[2022.06.08-00.12.49:213][837]LogWorld: Bringing up level for play took: 0.001028
[2022.06.08-00.12.49:214][837]LogLoad: Took 0.034442 seconds to LoadMap(/Game/Levels/MainGame)
[2022.06.08-00.12.54:206][435]LogNet: Browse: /Game/Levels/MainMenu
[2022.06.08-00.12.54:206][435]LogLoad: LoadMap: /Game/Levels/MainMenu
[2022.06.08-00.12.54:211][435]Cmd: MEM
[2022.06.08-00.12.54:214][435]LogMemory: Platform Memory Stats for Windows
[2022.06.08-00.12.54:214][435]LogMemory: Process Physical Memory: 1347.81 MB used, 1519.11 MB peak
[2022.06.08-00.12.54:214][435]LogMemory: Process Virtual Memory: 2075.55 MB used, 2253.94 MB peak
[2022.06.08-00.12.54:214][435]LogMemory: Physical Memory: 8482.46 MB used,  7808.42 MB free, 16290.88 MB total
[2022.06.08-00.12.54:214][435]LogMemory: Virtual Memory: 7091.13 MB used,  7808.42 MB free, 134217728.00 MB total
[2022.06.08-00.12.54:214][435]LogMemory: 
[2022.06.08-00.12.54:214][435]Allocator Stats for TBB: (not implemented)
[2022.06.08-00.12.54:214][435]LogPlayLevel: Creating play world package: /Game/Levels/UEDPIE_0_MainMenu
[2022.06.08-00.12.54:215][435]LogPlayLevel: PIE: StaticDuplicateObject took: (0.000702s)
[2022.06.08-00.12.54:215][435]LogAIModule: Creating AISystem for world MainMenu
[2022.06.08-00.12.54:215][435]LogPlayLevel: PIE: World Init took: (0.000440s)
[2022.06.08-00.12.54:215][435]LogPlayLevel: PIE: Created PIE world by copying editor world from /Game/Levels/MainMenu.MainMenu to /Game/Levels/UEDPIE_0_MainMenu.MainMenu (0.001259s)
[2022.06.08-00.12.54:215][435]LogLoad: Game class is 'TestProject_BP_C'
[2022.06.08-00.12.54:217][435]LogWorld: Bringing World /Game/Levels/UEDPIE_0_MainMenu.MainMenu up for play (max tick rate 0) at 2022.06.07-20.12.54
[2022.06.08-00.12.54:217][435]LogWorld: Bringing up level for play took: 0.000541
[2022.06.08-00.12.54:217][435]LogGameMode: FindPlayerStart: PATHS NOT DEFINED or NO PLAYERSTART with positive rating
[2022.06.08-00.12.54:218][435]LogLoad: Took 0.012581 seconds to LoadMap(/Game/Levels/UEDPIE_0_MainMenu)
[2022.06.08-00.12.55:765][620]LogBlueprintUserMessages: Early EndPlayMap Detection: Level '/Game/Levels/MainMenu.MainMenu:PersistentLevel' has LevelScriptBlueprint '/Game/Levels/MainMenu.MainMenu:PersistentLevel.MainMenu' with GeneratedClass '/Game/Levels/MainMenu.MainMenu_C' with ClassGeneratedBy '/Game/Levels/MainMenu.MainMenu:PersistentLevel.MainMenu'
[2022.06.08-00.12.55:795][620]LogBlueprintUserMessages: Late EndPlayMap Detection: Level '/Game/Levels/MainMenu.MainMenu:PersistentLevel' has LevelScriptBlueprint '/Game/Levels/MainMenu.MainMenu:PersistentLevel.MainMenu' with GeneratedClass '/Game/Levels/MainMenu.MainMenu_C' with ClassGeneratedBy '/Game/Levels/MainMenu.MainMenu:PersistentLevel.MainMenu'
[2022.06.08-00.12.57:011][735]Cmd: QUIT_EDITOR
[2022.06.08-00.12.57:393][735]LogExit: Preparing to exit.
[2022.06.08-00.12.57:890][735]LogDirectoryWatcher: A directory notification for 'C:/Users/deefa/Desktop/Repositories/The-Tech-Academy-C-and-Unreal-Engine-Projects/MyProject/Content/' was aborted.
[2022.06.08-00.12.57:897][735]LogExit: Editor shut down
[2022.06.08-00.12.57:897][735]LogExit: Transaction tracking system shut down
[2022.06.08-00.12.57:932][735]LogObj: Freed 0b from 0 cluster array pools.
[2022.06.08-00.12.57:932][735]LogExit: Object subsystem successfully closed.
[2022.06.08-00.12.58:005][735]LogD3D11RHI: Shutdown
[2022.06.08-00.12.58:005][735]LogD3D11RHI: CleanupD3DDevice
[2022.06.08-00.12.58:151][735]LogD3D11RHI: ~FD3D11DynamicRHI
[2022.06.08-00.12.58:165][735]LogModuleManager: Shutting down and abandoning module MovieSceneCapture (504)
[2022.06.08-00.12.58:165][735]LogModuleManager: Shutting down and abandoning module HierarchicalLODOutliner (502)
[2022.06.08-00.12.58:165][735]LogModuleManager: Shutting down and abandoning module ExternalImagePicker (500)
[2022.06.08-00.12.58:165][735]LogModuleManager: Shutting down and abandoning module CrashTracker (498)
[2022.06.08-00.12.58:165][735]LogModuleManager: Shutting down and abandoning module SceneOutliner (496)
[2022.06.08-00.12.58:165][735]LogModuleManager: Shutting down and abandoning module AddContentDialog (494)
[2022.06.08-00.12.58:165][735]LogDirectoryWatcher: A directory notification for 'C:/Program Files/Epic Games/UE_4.15/FeaturePacks/' was aborted.
[2022.06.08-00.12.58:166][735]LogModuleManager: Shutting down and abandoning module WidgetCarousel (493)
[2022.06.08-00.12.58:166][735]LogModuleManager: Shutting down and abandoning module EditorWidgets (490)
[2022.06.08-00.12.58:166][735]LogModuleManager: Shutting down and abandoning module CollectionManager (488)
[2022.06.08-00.12.58:166][735]LogDirectoryWatcher: A directory notification for 'C:/Users/deefa/Desktop/Repositories/The-Tech-Academy-C-and-Unreal-Engine-Projects/MyProject/Content/Collections/' was aborted.
[2022.06.08-00.12.58:166][735]LogDirectoryWatcher: A directory notification for 'C:/Users/deefa/Desktop/Repositories/The-Tech-Academy-C-and-Unreal-Engine-Projects/MyProject/Content/Developers/deefa/Collections/' was aborted.
[2022.06.08-00.12.58:166][735]LogDirectoryWatcher: A directory notification for 'C:/Users/deefa/Desktop/Repositories/The-Tech-Academy-C-and-Unreal-Engine-Projects/MyProject/Saved/Collections/' was aborted.
[2022.06.08-00.12.58:166][735]LogModuleManager: Shutting down and abandoning module StatsViewer (486)
[2022.06.08-00.12.58:166][735]LogModuleManager: Shutting down and abandoning module FoliageEdit (484)
[2022.06.08-00.12.58:166][735]LogModuleManager: Shutting down and abandoning module LandscapeEditor (482)
[2022.06.08-00.12.58:166][735]LogModuleManager: Shutting down and abandoning module SceneDepthPickerMode (480)
[2022.06.08-00.12.58:166][735]LogModuleManager: Shutting down and abandoning module ActorPickerMode (478)
[2022.06.08-00.12.58:166][735]LogModuleManager: Shutting down and abandoning module GeometryMode (476)
[2022.06.08-00.12.58:166][735]LogModuleManager: Shutting down and abandoning module TextureAlignMode (474)
[2022.06.08-00.12.58:166][735]LogModuleManager: Shutting down and abandoning module BspMode (472)
[2022.06.08-00.12.58:166][735]LogModuleManager: Shutting down and abandoning module HardwareSurvey (470)
[2022.06.08-00.12.58:166][735]LogModuleManager: Shutting down and abandoning module SequenceRecorderSections (468)
[2022.06.08-00.12.58:166][735]LogModuleManager: Shutting down and abandoning module AutomationWorker (466)
[2022.06.08-00.12.58:166][735]LogModuleManager: Shutting down and abandoning module MatineeToLevelSequence (464)
[2022.06.08-00.12.58:166][735]LogModuleManager: Shutting down and abandoning module LevelSequenceEditor (462)
[2022.06.08-00.12.58:166][735]LogModuleManager: Shutting down and abandoning module PlacementMode (461)
[2022.06.08-00.12.58:166][735]LogModuleManager: Shutting down and abandoning module WmfMediaFactory (458)
[2022.06.08-00.12.58:166][735]LogModuleManager: Shutting down and abandoning module WmfMediaEditor (456)
[2022.06.08-00.12.58:166][735]LogModuleManager: Shutting down and abandoning module MfMediaFactory (454)
[2022.06.08-00.12.58:167][735]LogModuleManager: Shutting down and abandoning module MfMediaEditor (452)
[2022.06.08-00.12.58:167][735]LogModuleManager: Shutting down and abandoning module AvfMediaFactory (450)
[2022.06.08-00.12.58:167][735]LogModuleManager: Shutting down and abandoning module AvfMediaEditor (448)
[2022.06.08-00.12.58:167][735]LogModuleManager: Shutting down and abandoning module AndroidMediaFactory (446)
[2022.06.08-00.12.58:167][735]LogModuleManager: Shutting down and abandoning module Media (445)
[2022.06.08-00.12.58:167][735]LogModuleManager: Shutting down and abandoning module AndroidMediaEditor (442)
[2022.06.08-00.12.58:167][735]LogModuleManager: Shutting down and abandoning module CharacterAI (440)
[2022.06.08-00.12.58:167][735]LogModuleManager: Shutting down and abandoning module AudioCapture (438)
[2022.06.08-00.12.58:167][735]LogModuleManager: Shutting down and abandoning module SequenceRecorder (437)
[2022.06.08-00.12.58:167][735]LogModuleManager: Shutting down and abandoning module SmartSnapping (434)
[2022.06.08-00.12.58:167][735]LogModuleManager: Shutting down and abandoning module SessionServices (432)
[2022.06.08-00.12.58:167][735]LogModuleManager: Shutting down and abandoning module ViewportSnapping (430)
[2022.06.08-00.12.58:167][735]LogModuleManager: Shutting down and abandoning module ViewportInteraction (428)
[2022.06.08-00.12.58:167][735]LogModuleManager: Shutting down and abandoning module LogVisualizer (426)
[2022.06.08-00.12.58:167][735]LogModuleManager: Shutting down and abandoning module IntroTutorials (424)
[2022.06.08-00.12.58:167][735]LogModuleManager: Shutting down and abandoning module GameProjectGeneration (423)
[2022.06.08-00.12.58:167][735]LogModuleManager: Shutting down and abandoning module EditorLiveStreaming (420)
[2022.06.08-00.12.58:167][735]LogModuleManager: Shutting down and abandoning module IOSPlatformEditor (418)
[2022.06.08-00.12.58:167][735]LogModuleManager: Shutting down and abandoning module HTML5PlatformEditor (416)
[2022.06.08-00.12.58:167][735]LogModuleManager: Shutting down and abandoning module AndroidPlatformEditor (414)
[2022.06.08-00.12.58:167][735]LogModuleManager: Shutting down and abandoning module AndroidDeviceDetection (413)
[2022.06.08-00.12.58:507][735]LogModuleManager: Shutting down and abandoning module IOSRuntimeSettings (410)
[2022.06.08-00.12.58:507][735]LogModuleManager: Shutting down and abandoning module AndroidRuntimeSettings (408)
[2022.06.08-00.12.58:507][735]LogModuleManager: Shutting down and abandoning module InputBindingEditor (406)
[2022.06.08-00.12.58:507][735]LogModuleManager: Shutting down and abandoning module NiagaraEditor (404)
[2022.06.08-00.12.58:507][735]LogModuleManager: Shutting down and abandoning module MergeActors (402)
[2022.06.08-00.12.58:507][735]LogModuleManager: Shutting down and abandoning module SizeMap (400)
[2022.06.08-00.12.58:507][735]LogModuleManager: Shutting down and abandoning module TreeMap (398)
[2022.06.08-00.12.58:507][735]LogModuleManager: Shutting down and abandoning module ReferenceViewer (396)
[2022.06.08-00.12.58:507][735]LogModuleManager: Shutting down and abandoning module LocalizationDashboard (394)
[2022.06.08-00.12.58:507][735]LogModuleManager: Shutting down and abandoning module LocalizationService (393)
[2022.06.08-00.12.58:507][735]LogModuleManager: Shutting down and abandoning module HardwareTargeting (390)
[2022.06.08-00.12.58:507][735]LogModuleManager: Shutting down and abandoning module DeviceProfileEditor (388)
[2022.06.08-00.12.58:507][735]LogModuleManager: Shutting down and abandoning module UndoHistory (386)
[2022.06.08-00.12.58:507][735]LogModuleManager: Shutting down and abandoning module UserFeedback (384)
[2022.06.08-00.12.58:507][735]LogModuleManager: Shutting down and abandoning module XmlParser (382)
[2022.06.08-00.12.58:507][735]LogModuleManager: Shutting down and abandoning module Blutility (380)
[2022.06.08-00.12.58:507][735]LogModuleManager: Shutting down and abandoning module ProjectSettingsViewer (378)
[2022.06.08-00.12.58:507][735]LogModuleManager: Shutting down and abandoning module ProjectTargetPlatformEditor (377)
[2022.06.08-00.12.58:507][735]LogModuleManager: Shutting down and abandoning module EditorSettingsViewer (374)
[2022.06.08-00.12.58:507][735]LogModuleManager: Shutting down and abandoning module SettingsEditor (372)
[2022.06.08-00.12.58:507][735]LogModuleManager: Shutting down and abandoning module ProjectLauncher (370)
[2022.06.08-00.12.58:507][735]LogModuleManager: Shutting down and abandoning module SessionFrontend (368)
[2022.06.08-00.12.58:507][735]LogModuleManager: Shutting down and abandoning module ProfilerClient (366)
[2022.06.08-00.12.58:507][735]LogModuleManager: Shutting down and abandoning module DeviceManager (364)
[2022.06.08-00.12.58:507][735]LogModuleManager: Shutting down and abandoning module TargetDeviceServices (363)
[2022.06.08-00.12.58:540][735]LogModuleManager: Shutting down and abandoning module AutomationController (360)
[2022.06.08-00.12.58:540][735]LogModuleManager: Shutting down and abandoning module AutomationWindow (358)
[2022.06.08-00.12.58:540][735]LogModuleManager: Shutting down and abandoning module Layers (356)
[2022.06.08-00.12.58:540][735]LogModuleManager: Shutting down and abandoning module ComponentVisualizers (354)
[2022.06.08-00.12.58:540][735]LogModuleManager: Shutting down and abandoning module DetailCustomizations (352)
[2022.06.08-00.12.58:540][735]LogModuleManager: Shutting down and abandoning module PackagesDialog (350)
[2022.06.08-00.12.58:540][735]LogModuleManager: Shutting down and abandoning module Persona (348)
[2022.06.08-00.12.58:540][735]LogModuleManager: Shutting down and abandoning module AnimGraph (347)
[2022.06.08-00.12.58:540][735]LogModuleManager: Shutting down and abandoning module Kismet (344)
[2022.06.08-00.12.58:540][735]LogModuleManager: Shutting down and abandoning module GraphEditor (342)
[2022.06.08-00.12.58:540][735]LogModuleManager: Shutting down and abandoning module ClassViewer (340)
[2022.06.08-00.12.58:540][735]LogModuleManager: Shutting down and abandoning module Toolbox (338)
[2022.06.08-00.12.58:540][735]LogModuleManager: Shutting down and abandoning module ModuleUI (336)
[2022.06.08-00.12.58:540][735]LogModuleManager: Shutting down and abandoning module MovieSceneTools (334)
[2022.06.08-00.12.58:540][735]LogModuleManager: Shutting down and abandoning module OutputLog (332)
[2022.06.08-00.12.58:540][735]LogModuleManager: Shutting down and abandoning module GammaUI (330)
[2022.06.08-00.12.58:540][735]LogModuleManager: Shutting down and abandoning module Documentation (328)
[2022.06.08-00.12.58:540][735]LogModuleManager: Shutting down and abandoning module Niagara (326)
[2022.06.08-00.12.58:540][735]LogModuleManager: Shutting down and abandoning module StreamingPauseRendering (324)
[2022.06.08-00.12.58:540][735]LogModuleManager: Shutting down and abandoning module AnalyticsET (322)
[2022.06.08-00.12.58:540][735]LogModuleManager: Shutting down and abandoning module PortalServices (320)
[2022.06.08-00.12.58:540][735]LogModuleManager: Shutting down and abandoning module PortalRpc (318)
[2022.06.08-00.12.58:540][735]LogModuleManager: Shutting down and abandoning module MessagingRpc (316)
[2022.06.08-00.12.58:540][735]LogModuleManager: Shutting down and abandoning module AIModule (314)
[2022.06.08-00.12.58:540][735]LogModuleManager: Shutting down and abandoning module GameplayDebugger (313)
[2022.06.08-00.12.58:540][735]LogModuleManager: Shutting down and abandoning module AITestSuite (311)
[2022.06.08-00.12.58:540][735]LogModuleManager: Shutting down and abandoning module ProfilerService (308)
[2022.06.08-00.12.58:676][735]LogModuleManager: Shutting down and abandoning module TaskGraph (306)
[2022.06.08-00.12.58:676][735]LogModuleManager: Shutting down and abandoning module SteamVRController (304)
[2022.06.08-00.12.58:676][735]LogModuleManager: Shutting down and abandoning module SteamVR (302)
[2022.06.08-00.12.58:676][735]LogModuleManager: Shutting down and abandoning module ProceduralMeshComponentEditor (300)
[2022.06.08-00.12.58:676][735]LogModuleManager: Shutting down and abandoning module ProceduralMeshComponent (298)
[2022.06.08-00.12.58:676][735]LogModuleManager: Shutting down and abandoning module OculusLibrary (296)
[2022.06.08-00.12.58:676][735]LogModuleManager: Shutting down and abandoning module OculusInput (294)
[2022.06.08-00.12.58:676][735]LogModuleManager: Shutting down and abandoning module MobilePatchingUtils (292)
[2022.06.08-00.12.58:676][735]LogModuleManager: Shutting down and abandoning module CustomMeshComponent (290)
[2022.06.08-00.12.58:676][735]LogModuleManager: Shutting down and abandoning module CableComponent (288)
[2022.06.08-00.12.58:676][735]LogModuleManager: Shutting down and abandoning module ArchVisCharacter (286)
[2022.06.08-00.12.58:676][735]LogModuleManager: Shutting down and abandoning module MediaPlayerEditor (282)
[2022.06.08-00.12.58:676][735]LogModuleManager: Shutting down and abandoning module HTML5Networking (280)
[2022.06.08-00.12.58:676][735]LogModuleManager: Shutting down and abandoning module AlembicImporter (278)
[2022.06.08-00.12.58:676][735]LogModuleManager: Shutting down and abandoning module AlembicLibrary (277)
[2022.06.08-00.12.58:676][735]LogModuleManager: Shutting down and abandoning module GeometryCache (276)
[2022.06.08-00.12.58:676][735]LogModuleManager: Shutting down and abandoning module GeometryCacheEd (275)
[2022.06.08-00.12.58:676][735]LogModuleManager: Shutting down and abandoning module SuperSearchEditor (270)
[2022.06.08-00.12.58:676][735]LogModuleManager: Shutting down and abandoning module SuperSearch (269)
[2022.06.08-00.12.58:676][735]LogModuleManager: Shutting down and abandoning module SpeedTreeImporter (266)
[2022.06.08-00.12.58:676][735]LogModuleManager: Shutting down and abandoning module PluginBrowser (264)
[2022.06.08-00.12.58:676][735]LogModuleManager: Shutting down and abandoning module MobileLauncherProfileWizard (262)
[2022.06.08-00.12.58:676][735]LogModuleManager: Shutting down and abandoning module EpicSurvey (260)
[2022.06.08-00.12.58:676][735]LogModuleManager: Shutting down and abandoning module VisualStudioSourceCodeAccess (258)
[2022.06.08-00.12.58:676][735]LogModuleManager: Shutting down and abandoning module DesktopPlatform (257)
[2022.06.08-00.12.58:676][735]LogModuleManager: Shutting down and abandoning module UObjectPlugin (254)
[2022.06.08-00.12.58:676][735]LogModuleManager: Shutting down and abandoning module SubversionSourceControl (252)
[2022.06.08-00.12.58:676][735]LogModuleManager: Shutting down and abandoning module PerforceSourceControl (250)
[2022.06.08-00.12.58:676][735]LogModuleManager: Shutting down and abandoning module GitSourceControl (248)
[2022.06.08-00.12.58:676][735]LogModuleManager: Shutting down and abandoning module SourceControl (247)
[2022.06.08-00.12.58:676][735]LogModuleManager: Shutting down and abandoning module LightPropagationVolumeEditor (244)
[2022.06.08-00.12.58:676][735]LogModuleManager: Shutting down and abandoning module PaperTiledImporter (242)
[2022.06.08-00.12.58:676][735]LogModuleManager: Shutting down and abandoning module PaperSpriteSheetImporter (240)
[2022.06.08-00.12.58:676][735]LogModuleManager: Shutting down and abandoning module Paper2DEditor (238)
[2022.06.08-00.12.58:676][735]LogModuleManager: Shutting down and abandoning module MeshPaint (237)
[2022.06.08-00.12.58:676][735]LogModuleManager: Shutting down and abandoning module LevelEditor (235)
[2022.06.08-00.12.58:677][735]LogModuleManager: Shutting down and abandoning module PixelInspectorModule (234)
[2022.06.08-00.12.58:677][735]LogModuleManager: Shutting down and abandoning module MainFrame (232)
[2022.06.08-00.12.58:677][735]LogModuleManager: Shutting down and abandoning module HotReload (231)
[2022.06.08-00.12.58:677][735]LogDirectoryWatcher: A directory notification for 'C:/Users/deefa/Desktop/Repositories/The-Tech-Academy-C-and-Unreal-Engine-Projects/MyProject/Binaries/Win64' was aborted.
[2022.06.08-00.12.58:677][735]LogModuleManager: Shutting down and abandoning module ContentBrowser (227)
[2022.06.08-00.12.58:677][735]LogModuleManager: Shutting down and abandoning module MyProject (224)
[2022.06.08-00.12.58:678][735]LogModuleManager: Shutting down and abandoning module PhysXVehiclesEditor (222)
[2022.06.08-00.12.58:678][735]LogModuleManager: Shutting down and abandoning module PhysXVehicles (220)
[2022.06.08-00.12.58:678][735]LogModuleManager: Shutting down and abandoning module LocationServicesBPLibrary (218)
[2022.06.08-00.12.58:678][735]LogModuleManager: Shutting down and abandoning module UdpMessaging (216)
[2022.06.08-00.12.58:779][735]LogModuleManager: Shutting down and abandoning module TcpMessaging (214)
[2022.06.08-00.12.58:880][735]LogModuleManager: Shutting down and abandoning module GameplayTagsEditor (212)
[2022.06.08-00.12.58:880][735]LogModuleManager: Shutting down and abandoning module FacialAnimationEditor (210)
[2022.06.08-00.12.58:880][735]LogModuleManager: Shutting down and abandoning module FacialAnimation (208)
[2022.06.08-00.12.58:880][735]LogModuleManager: Shutting down and abandoning module LightPropagationVolumeRuntime (206)
[2022.06.08-00.12.58:880][735]LogModuleManager: Shutting down and abandoning module Paper2D (204)
[2022.06.08-00.12.58:880][735]LogModuleManager: Shutting down and abandoning module WindowsMoviePlayer (202)
[2022.06.08-00.12.58:880][735]LogModuleManager: Shutting down and abandoning module WmfMedia (200)
[2022.06.08-00.12.58:881][735]LogModuleManager: Shutting down and abandoning module MfMedia (198)
[2022.06.08-00.12.58:881][735]LogModuleManager: Shutting down and abandoning module MediaAssets (196)
[2022.06.08-00.12.58:881][735]LogModuleManager: Shutting down and abandoning module GameLiveStreaming (194)
[2022.06.08-00.12.58:881][735]LogModuleManager: Shutting down and abandoning module VREditor (192)
[2022.06.08-00.12.58:881][735]LogModuleManager: Shutting down and abandoning module GameplayTasksEditor (190)
[2022.06.08-00.12.58:881][735]LogModuleManager: Shutting down and abandoning module BehaviorTreeEditor (188)
[2022.06.08-00.12.58:881][735]LogModuleManager: Shutting down and abandoning module FunctionalTesting (186)
[2022.06.08-00.12.58:881][735]LogModuleManager: Shutting down and abandoning module CollisionAnalyzer (184)
[2022.06.08-00.12.58:881][735]LogModuleManager: Shutting down and abandoning module UMG (182)
[2022.06.08-00.12.58:881][735]LogModuleManager: Shutting down and abandoning module UMGEditor (181)
[2022.06.08-00.12.58:881][735]LogModuleManager: Shutting down and abandoning module Sequencer (180)
[2022.06.08-00.12.58:881][735]LogModuleManager: Shutting down and abandoning module AssetTools (178)
[2022.06.08-00.12.58:881][735]LogModuleManager: Shutting down and abandoning module MessageLog (177)
[2022.06.08-00.12.58:881][735]LogModuleManager: Shutting down and abandoning module WorkspaceMenuStructure (176)
[2022.06.08-00.12.58:881][735]LogModuleManager: Shutting down and abandoning module SlateReflector (170)
[2022.06.08-00.12.58:881][735]LogModuleManager: Shutting down and abandoning module Slate (168)
[2022.06.08-00.12.58:881][735]LogModuleManager: Shutting down and abandoning module EditorStyle (166)
[2022.06.08-00.12.58:883][735]LogModuleManager: Shutting down and abandoning module SourceCodeAccess (164)
[2022.06.08-00.12.58:883][735]LogModuleManager: Shutting down and abandoning module HeadMountedDisplay (162)
[2022.06.08-00.12.58:883][735]LogModuleManager: Shutting down and abandoning module XAudio2 (160)
[2022.06.08-00.12.58:883][735]LogModuleManager: Shutting down and abandoning module Networking (158)
[2022.06.08-00.12.58:883][735]LogModuleManager: Shutting down and abandoning module Core (154)
[2022.06.08-00.12.58:883][735]LogModuleManager: Shutting down and abandoning module AssetRegistry (152)
[2022.06.08-00.12.59:048][735]LogDirectoryWatcher: A directory notification for '../../../Engine/Content/' was aborted.
[2022.06.08-00.12.59:048][735]LogDirectoryWatcher: A directory notification for '../../../../../../Users/deefa/Desktop/Repositories/The-Tech-Academy-C-and-Unreal-Engine-Projects/MyProject/Content/' was aborted.
[2022.06.08-00.12.59:048][735]LogDirectoryWatcher: A directory notification for '../../../Engine/Plugins/2D/Paper2D/Content/' was aborted.
[2022.06.08-00.12.59:048][735]LogModuleManager: Shutting down and abandoning module DirectoryWatcher (151)
[2022.06.08-00.12.59:048][735]LogModuleManager: Shutting down and abandoning module KismetCompiler (148)
[2022.06.08-00.12.59:048][735]LogModuleManager: Shutting down and abandoning module PhysXFormats (146)
[2022.06.08-00.12.59:048][735]LogModuleManager: Shutting down and abandoning module MeshUtilities (144)
[2022.06.08-00.12.59:048][735]LogModuleManager: Shutting down and abandoning module SimplygonSwarm (143)
[2022.06.08-00.12.59:048][735]LogModuleManager: Shutting down and abandoning module SimplygonMeshReduction (141)
[2022.06.08-00.12.59:048][735]LogModuleManager: Shutting down and abandoning module QuadricMeshReduction (139)
[2022.06.08-00.12.59:048][735]LogModuleManager: Shutting down and abandoning module PropertyEditor (137)
[2022.06.08-00.12.59:048][735]LogModuleManager: Shutting down and abandoning module DerivedDataCache (134)
[2022.06.08-00.12.59:479][735]LogDerivedDataCache: Shutdown
[2022.06.08-00.12.59:479][735]LogModuleManager: Shutting down and abandoning module TargetPlatform (132)
[2022.06.08-00.12.59:479][735]LogModuleManager: Shutting down and abandoning module VulkanShaderFormat (131)
[2022.06.08-00.12.59:479][735]LogModuleManager: Shutting down and abandoning module ShaderFormatOpenGL (129)
[2022.06.08-00.12.59:479][735]LogModuleManager: Shutting down and abandoning module ShaderFormatD3D (127)
[2022.06.08-00.12.59:479][735]LogModuleManager: Shutting down and abandoning module MetalShaderFormat (125)
[2022.06.08-00.12.59:479][735]LogModuleManager: Shutting down and abandoning module TextureFormatUncompressed (123)
[2022.06.08-00.12.59:479][735]LogModuleManager: Shutting down and abandoning module TextureFormatPVR (121)
[2022.06.08-00.12.59:479][735]LogModuleManager: Shutting down and abandoning module TextureFormatDXT (119)
[2022.06.08-00.12.59:479][735]LogModuleManager: Shutting down and abandoning module TextureFormatIntelISPCTexComp (117)
[2022.06.08-00.12.59:479][735]LogModuleManager: Shutting down and abandoning module TextureFormatASTC (115)
[2022.06.08-00.12.59:479][735]LogModuleManager: Shutting down and abandoning module ImageWrapper (114)
[2022.06.08-00.12.59:479][735]LogModuleManager: Shutting down and abandoning module TextureFormatAndroid (111)
[2022.06.08-00.12.59:479][735]LogModuleManager: Shutting down and abandoning module AudioFormatOpus (109)
[2022.06.08-00.12.59:479][735]LogModuleManager: Shutting down and abandoning module AudioFormatOgg (107)
[2022.06.08-00.12.59:479][735]LogModuleManager: Shutting down and abandoning module AudioFormatADPCM (105)
[2022.06.08-00.12.59:479][735]LogModuleManager: Shutting down and abandoning module LinuxTargetPlatform (103)
[2022.06.08-00.12.59:479][735]LogModuleManager: Shutting down and abandoning module LinuxServerTargetPlatform (101)
[2022.06.08-00.12.59:479][735]LogModuleManager: Shutting down and abandoning module LinuxNoEditorTargetPlatform (99)
[2022.06.08-00.12.59:479][735]LogModuleManager: Shutting down and abandoning module LinuxClientTargetPlatform (97)
[2022.06.08-00.12.59:479][735]LogModuleManager: Shutting down and abandoning module TVOSTargetPlatform (95)
[2022.06.08-00.12.59:479][735]LogModuleManager: Shutting down and abandoning module Messaging (93)
[2022.06.08-00.12.59:479][735]LogModuleManager: Shutting down and abandoning module IOSTargetPlatform (91)
[2022.06.08-00.12.59:479][735]LogModuleManager: Shutting down and abandoning module HTML5TargetPlatform (89)
[2022.06.08-00.12.59:480][735]LogModuleManager: Shutting down and abandoning module Android_PVRTCTargetPlatform (87)
[2022.06.08-00.12.59:480][735]LogModuleManager: Shutting down and abandoning module Android_MultiTargetPlatform (85)
[2022.06.08-00.12.59:480][735]LogModuleManager: Shutting down and abandoning module Android_ETC2TargetPlatform (83)
[2022.06.08-00.12.59:480][735]LogModuleManager: Shutting down and abandoning module Android_ETC1TargetPlatform (81)
[2022.06.08-00.12.59:480][735]LogModuleManager: Shutting down and abandoning module Android_DXTTargetPlatform (79)
[2022.06.08-00.12.59:480][735]LogModuleManager: Shutting down and abandoning module Android_ATCTargetPlatform (77)
[2022.06.08-00.12.59:480][735]LogModuleManager: Shutting down and abandoning module Android_ASTCTargetPlatform (75)
[2022.06.08-00.12.59:480][735]LogModuleManager: Shutting down and abandoning module AndroidTargetPlatform (73)
[2022.06.08-00.12.59:480][735]LogModuleManager: Shutting down and abandoning module WindowsTargetPlatform (71)
[2022.06.08-00.12.59:480][735]LogModuleManager: Shutting down and abandoning module WindowsServerTargetPlatform (69)
[2022.06.08-00.12.59:480][735]LogModuleManager: Shutting down and abandoning module WindowsNoEditorTargetPlatform (67)
[2022.06.08-00.12.59:480][735]LogModuleManager: Shutting down and abandoning module WindowsClientTargetPlatform (65)
[2022.06.08-00.12.59:480][735]LogModuleManager: Shutting down and abandoning module MacTargetPlatform (63)
[2022.06.08-00.12.59:480][735]LogModuleManager: Shutting down and abandoning module MacServerTargetPlatform (61)
[2022.06.08-00.12.59:480][735]LogModuleManager: Shutting down and abandoning module MacNoEditorTargetPlatform (59)
[2022.06.08-00.12.59:480][735]LogModuleManager: Shutting down and abandoning module MacClientTargetPlatform (57)
[2022.06.08-00.12.59:480][735]LogModuleManager: Shutting down and abandoning module AllDesktopTargetPlatform (55)
[2022.06.08-00.12.59:480][735]LogModuleManager: Shutting down and abandoning module InputCore (52)
[2022.06.08-00.12.59:480][735]LogModuleManager: Shutting down and abandoning module Settings (50)
[2022.06.08-00.12.59:480][735]LogModuleManager: Shutting down and abandoning module OculusRift (48)
[2022.06.08-00.12.59:480][735]LogModuleManager: Shutting down and abandoning module GearVR (46)
[2022.06.08-00.12.59:480][735]LogModuleManager: Shutting down and abandoning module ExampleDeviceProfileSelector (44)
[2022.06.08-00.12.59:480][735]LogModuleManager: Shutting down and abandoning module OnlineBlueprintSupport (42)
[2022.06.08-00.12.59:480][735]LogModuleManager: Shutting down and abandoning module OnlineSubsystem (38)
[2022.06.08-00.12.59:480][735]LogOnline:Display: Unloading online subsystem: NULL
[2022.06.08-00.12.59:480][735]LogModuleManager: Shutting down and abandoning module XMPP (37)
[2022.06.08-00.12.59:480][735]LogModuleManager: Shutting down and abandoning module HTTP (35)
[2022.06.08-00.12.59:480][735]LogHttp:Display: Http module shutting down, but needs to wait on 1 outstanding Http requests:
[2022.06.08-00.12.59:480][735]LogHttp:Display: 	verb=[POST] url=[https://datarouter.ol.epicgames.com/datarouter/api/v1/public/data?SessionID=%7B0EE70D23-4616-93B2-03A2-18B98D4AA1E8%7D&AppID=UEEditor.Rocket.Release&AppVersion=4.15.3-3450819%2B%2B%2BUE4%2BRelease-4.15&UserID=4d4a4f2e4e1e0ee16cb2b39b4864c2e3%7C0e90dd3c9f264f4b8ab1c7f6e43a6f11%7C1ee86bea-15e6-4f2a-9976-98589f5593ea&AppEnvironment=datacollector-binary&UploadType=eteventstream] status=Processing
[2022.06.08-00.12.59:502][735]LogModuleManager: Shutting down and abandoning module SSL (34)
[2022.06.08-00.12.59:503][735]LogModuleManager: Shutting down and abandoning module AudioEditor (30)
[2022.06.08-00.12.59:503][735]LogModuleManager: Shutting down and abandoning module TextureCompressor (28)
[2022.06.08-00.12.59:504][735]LogModuleManager: Shutting down and abandoning module ShaderCore (26)
[2022.06.08-00.12.59:504][735]LogModuleManager: Shutting down and abandoning module Landscape (24)
[2022.06.08-00.12.59:504][735]LogModuleManager: Shutting down and abandoning module SlateRHIRenderer (22)
[2022.06.08-00.12.59:504][735]LogModuleManager: Shutting down and abandoning module OpenGLDrv (20)
[2022.06.08-00.12.59:504][735]LogModuleManager: Shutting down and abandoning module D3D11RHI (18)
[2022.06.08-00.12.59:504][735]LogModuleManager: Shutting down and abandoning module AnimGraphRuntime (16)
[2022.06.08-00.12.59:504][735]LogModuleManager: Shutting down and abandoning module Renderer (14)
[2022.06.08-00.12.59:504][735]LogModuleManager: Shutting down and abandoning module Engine (12)
[2022.06.08-00.12.59:504][735]LogModuleManager: Shutting down and abandoning module CoreUObject (10)
[2022.06.08-00.12.59:504][735]LogModuleManager: Shutting down and abandoning module NetworkFile (8)
[2022.06.08-00.12.59:504][735]LogModuleManager: Shutting down and abandoning module StreamingFile (6)
[2022.06.08-00.12.59:504][735]LogModuleManager: Shutting down and abandoning module SandboxFile (4)
[2022.06.08-00.12.59:504][735]LogModuleManager: Shutting down and abandoning module PakFile (2)
[2022.06.08-00.12.59:505][735]LogExit: Exiting.
[2022.06.08-00.12.59:506][735]Log file closed, 06/07/22 20:12:59
